<?xml version="1.0" encoding="UTF-8"?><testsuite errors="0" failures="0" name="com.bestbuy.bestbuyinfo.ProductsCRUDTestWithSteps" skipped="0" tests="4" time="8.3" timestamp="2022-01-10T16:13:09.592Z[Europe/London]"><testcase classname="com.bestbuy.bestbuyinfo.ProductsCRUDTestWithSteps" name="This will create new product"/><testcase classname="com.bestbuy.bestbuyinfo.ProductsCRUDTestWithSteps" name="Verify if the product was added to the application"/><testcase classname="com.bestbuy.bestbuyinfo.ProductsCRUDTestWithSteps" name="Update product information and verify the updated information"/><testcase classname="com.bestbuy.bestbuyinfo.ProductsCRUDTestWithSteps" name="Delete product and verify if the product is deleted"/></testsuite>