<?xml version="1.0" encoding="UTF-8"?><testsuite errors="0" failures="0" name="com.bestbuy.bestbuyinfo.ServicesCRUDTestWithSteps" skipped="0" tests="4" time="2.27" timestamp="2022-01-09T12:17:25.288Z[Europe/London]"><testcase classname="com.bestbuy.bestbuyinfo.ServicesCRUDTestWithSteps" name="This will create new store"/><testcase classname="com.bestbuy.bestbuyinfo.ServicesCRUDTestWithSteps" name="Verify if the services is created"/><testcase classname="com.bestbuy.bestbuyinfo.ServicesCRUDTestWithSteps" name="Update Service information and verify the updated information"/><testcase classname="com.bestbuy.bestbuyinfo.ServicesCRUDTestWithSteps" name="Delete Service and verify if the Service is deleted"/></testsuite>