<?xml version="1.0" encoding="UTF-8"?><testsuite errors="0" failures="0" name="com.bestbuy.bestbuyinfo.CategoriesCRUDTestWithSteps" skipped="0" tests="4" time="4.46" timestamp="2022-01-10T16:18:21.165Z[Europe/London]"><testcase classname="com.bestbuy.bestbuyinfo.CategoriesCRUDTestWithSteps" name="This will create new Category"/><testcase classname="com.bestbuy.bestbuyinfo.CategoriesCRUDTestWithSteps" name="Verify if the Category was created in application"/><testcase classname="com.bestbuy.bestbuyinfo.CategoriesCRUDTestWithSteps" name="Update Category information and verify the updated information"/><testcase classname="com.bestbuy.bestbuyinfo.CategoriesCRUDTestWithSteps" name="Delete Category and verify if the Category is deleted"/></testsuite>