<?xml version="1.0" encoding="UTF-8"?><testsuite errors="0" failures="0" name="com.bestbuy.bestbuyinfo.StoresCRUDTestWithSteps" skipped="0" tests="4" time="2.67" timestamp="2022-01-11T20:22:25.464Z[Europe/London]"><testcase classname="com.bestbuy.bestbuyinfo.StoresCRUDTestWithSteps" name="This will create new store"/><testcase classname="com.bestbuy.bestbuyinfo.StoresCRUDTestWithSteps" name="Verify if the strore was created in application"/><testcase classname="com.bestbuy.bestbuyinfo.StoresCRUDTestWithSteps" name="Update store information and verify the updated information"/><testcase classname="com.bestbuy.bestbuyinfo.StoresCRUDTestWithSteps" name="Delete store and verify if the product is deleted"/></testsuite>