<?xml version="1.0" encoding="UTF-8"?><testsuite errors="0" failures="2" name="com.bestbuy.bestbuyinfo.CategoriesCRUDTestWithSteps" skipped="0" tests="4" time="2.88" timestamp="2022-01-09T12:35:38.562Z[Europe/London]"><testcase classname="com.bestbuy.bestbuyinfo.CategoriesCRUDTestWithSteps" name="This will create new Category"><failure message="1 expectation failed.&#10;Expected status code &lt;201&gt; but was &lt;400&gt;.&#10;" type="java.lang.AssertionError">1 expectation failed.
Expected status code &lt;201&gt; but was &lt;400&gt;.
</failure><system-err>1 expectation failed.
Expected status code &lt;201&gt; but was &lt;400&gt;.
&#13;
io.restassured.internal.ResponseSpecificationImpl.validateResponseIfRequired(ResponseSpecificationImpl.groovy:636)&#13;
io.restassured.internal.ResponseSpecificationImpl.statusCode(ResponseSpecificationImpl.groovy:122)&#13;
io.restassured.internal.ResponseSpecificationImpl.statusCode(ResponseSpecificationImpl.groovy:130)&#13;
io.restassured.internal.ValidatableResponseOptionsImpl.statusCode(ValidatableResponseOptionsImpl.java:117)&#13;
com.bestbuy.bestbuyinfo.CategoriesCRUDTestWithSteps.test001(CategoriesCRUDTestWithSteps.java:37)&#13;
</system-err></testcase><testcase classname="com.bestbuy.bestbuyinfo.CategoriesCRUDTestWithSteps" name="Verify if the Category was created in application"/><testcase classname="com.bestbuy.bestbuyinfo.CategoriesCRUDTestWithSteps" name="Update Category information and verify the updated information"><failure message="1 expectation failed.&#10;Expected status code &lt;200&gt; but was &lt;400&gt;.&#10;" type="java.lang.AssertionError">1 expectation failed.
Expected status code &lt;200&gt; but was &lt;400&gt;.
</failure><system-err>1 expectation failed.
Expected status code &lt;200&gt; but was &lt;400&gt;.
&#13;
io.restassured.internal.ResponseSpecificationImpl.validateResponseIfRequired(ResponseSpecificationImpl.groovy:636)&#13;
io.restassured.internal.ResponseSpecificationImpl.statusCode(ResponseSpecificationImpl.groovy:122)&#13;
io.restassured.internal.ResponseSpecificationImpl.statusCode(ResponseSpecificationImpl.groovy:130)&#13;
io.restassured.internal.ValidatableResponseOptionsImpl.statusCode(ValidatableResponseOptionsImpl.java:117)&#13;
com.bestbuy.bestbuyinfo.CategoriesCRUDTestWithSteps.test003(CategoriesCRUDTestWithSteps.java:52)&#13;
</system-err></testcase><testcase classname="com.bestbuy.bestbuyinfo.CategoriesCRUDTestWithSteps" name="Delete Category and verify if the Category is deleted"/></testsuite>